<?xml version="1.0" encoding="UTF-8"?>
<!-- Generated by org.testng.reporters.JUnitReportReporter -->
<testsuite hostname="DESKTOP-JTEEQ9K" failures="0" tests="2" name="TestScripts.HomePage_Test" time="26.018" errors="0" timestamp="2024-06-17T19:25:27 IST" skipped="0">
  <testcase classname="TestScripts.HomePage_Test" name="Verify_LogIn_Page_Title" time="10.341"/>
  <testcase classname="TestScripts.HomePage_Test" name="Verify_HomePage" time="15.677"/>
</testsuite> <!-- TestScripts.HomePage_Test -->
