<?xml version="1.0" encoding="UTF-8"?>
<!-- Generated by org.testng.reporters.JUnitReportReporter -->
<testsuite hostname="DESKTOP-JTEEQ9K" failures="0" tests="3" name="TestScripts.MyCart_Test" time="78.821" errors="0" timestamp="2024-06-17T19:32:55 IST" skipped="0">
  <testcase classname="TestScripts.MyCart_Test" name="Verify_LogIn_Page_Title" time="8.178"/>
  <testcase classname="TestScripts.MyCart_Test" name="Verify_MyCart" time="17.661"/>
  <testcase classname="TestScripts.MyCart_Test" name="Verify_Accessing_MyCart_Items" time="52.982"/>
</testsuite> <!-- TestScripts.MyCart_Test -->
