<?xml version="1.0" encoding="UTF-8"?>
<!-- Generated by org.testng.reporters.JUnitReportReporter -->
<testsuite hostname="DESKTOP-JTEEQ9K" failures="0" tests="3" name="TestScripts.Checkout_Test" time="253.273" errors="0" timestamp="2024-06-17T19:21:14 IST" skipped="0">
  <testcase classname="TestScripts.Checkout_Test" name="Verify_LogIn_Page_Title" time="9.508"/>
  <testcase classname="TestScripts.Checkout_Test" name="Verify_Checkout_Process" time="94.476"/>
  <testcase classname="TestScripts.Checkout_Test" name="Verify_Error_Msg_Fir_Blank_Details" time="149.289"/>
</testsuite> <!-- TestScripts.Checkout_Test -->
