<?xml version="1.0" encoding="UTF-8"?>
<!-- Generated by org.testng.reporters.JUnitReportReporter -->
<testsuite hostname="DESKTOP-JTEEQ9K" failures="0" tests="8" name="TestScripts.Login_Test" time="119.085" errors="0" timestamp="2024-06-17T19:28:44 IST" skipped="0">
  <testcase classname="TestScripts.Login_Test" name="Verify_LogIn_Page_Title" time="9.115"/>
  <testcase classname="TestScripts.Login_Test" name="Verify_LogIn_Process" time="14.913"/>
  <testcase classname="TestScripts.Login_Test" name="Verify_LogIn_With_BlankDetails" time="15.080"/>
  <testcase classname="TestScripts.Login_Test" name="Verify_LogIn_With_Blank_UserName" time="14.993"/>
  <testcase classname="TestScripts.Login_Test" name="Verify_LogIn_With_Blank_Password" time="14.886"/>
  <testcase classname="TestScripts.Login_Test" name="Verify_LogIn_With_Invalid_UserName_Password" time="16.235"/>
  <testcase classname="TestScripts.Login_Test" name="Verify_LogIn_With_InvalidUserName_ValidPassword" time="17.228"/>
  <testcase classname="TestScripts.Login_Test" name="Verify_LogIn_With_ValidUserName_InvalidPassword" time="16.635"/>
</testsuite> <!-- TestScripts.Login_Test -->
