<?xml version="1.0" encoding="UTF-8"?>
<!-- Generated by org.testng.reporters.JUnitReportReporter -->
<testsuite hostname="DESKTOP-JTEEQ9K" failures="0" tests="4" name="TestScripts.OpenMenu_test" time="78.643" errors="0" timestamp="2024-06-17T19:35:12 IST" skipped="0">
  <testcase classname="TestScripts.OpenMenu_test" name="Verify_LogIn_Page_Title" time="8.317"/>
  <testcase classname="TestScripts.OpenMenu_test" name="Verify_Options_Inside_Menu" time="22.378"/>
  <testcase classname="TestScripts.OpenMenu_test" name="Verify_All_Items_Menu" time="25.863"/>
  <testcase classname="TestScripts.OpenMenu_test" name="Verify_About_Menu" time="22.085"/>
</testsuite> <!-- TestScripts.OpenMenu_test -->
