<?xml version="1.0" encoding="UTF-8"?>
<!-- Generated by org.testng.reporters.JUnitReportReporter -->
<testsuite hostname="DESKTOP-JTEEQ9K" failures="0" tests="5" name="TestScripts.FooterTabs_Test" time="92.010" errors="0" timestamp="2024-06-17T19:23:43 IST" skipped="0">
  <testcase classname="TestScripts.FooterTabs_Test" name="Verify_LogIn_Page_Title" time="9.339"/>
  <testcase classname="TestScripts.FooterTabs_Test" name="Verify_Twitter_Link" time="26.096"/>
  <testcase classname="TestScripts.FooterTabs_Test" name="Verify_Facebook_Link" time="20.451"/>
  <testcase classname="TestScripts.FooterTabs_Test" name="Verify_Linkedin_Link" time="22.604"/>
  <testcase classname="TestScripts.FooterTabs_Test" name="Verify_isFooter_Copy_Dispalyed" time="13.520"/>
</testsuite> <!-- TestScripts.FooterTabs_Test -->
