<?xml version="1.0" encoding="UTF-8"?>
<!-- Generated by org.testng.reporters.JUnitReportReporter -->
<testsuite hostname="DESKTOP-JTEEQ9K" failures="0" tests="4" name="TestScripts.AddToCart_Test" time="125.714" errors="0" timestamp="2024-06-17T19:15:23 IST" skipped="0">
  <testcase classname="TestScripts.AddToCart_Test" name="Verify_LogIn_Page_Title" time="9.926"/>
  <testcase classname="TestScripts.AddToCart_Test" name="Verify_Elements_Are_Present" time="21.739"/>
  <testcase classname="TestScripts.AddToCart_Test" name="Verify_AddToCart" time="58.617"/>
  <testcase classname="TestScripts.AddToCart_Test" name="Verify_Primary_AddToCart_Btn_Method" time="35.432"/>
</testsuite> <!-- TestScripts.AddToCart_Test -->
