<?xml version="1.0" encoding="UTF-8"?>
<!-- Generated by org.testng.reporters.JUnitReportReporter -->
<testsuite hostname="DESKTOP-JTEEQ9K" failures="0" tests="2" name="TestScripts.Logout_Test" time="29.028" errors="0" timestamp="2024-06-17T19:30:35 IST" skipped="0">
  <testcase classname="TestScripts.Logout_Test" name="Verify_LogIn_Page_Title" time="8.193"/>
  <testcase classname="TestScripts.Logout_Test" name="Verify_Logout_Process" time="20.835"/>
</testsuite> <!-- TestScripts.Logout_Test -->
