<?xml version="1.0" encoding="UTF-8"?>
<!-- Generated by org.testng.reporters.JUnitReportReporter -->
<testsuite hostname="DESKTOP-JTEEQ9K" failures="0" tests="6" name="TestScripts.SortBy_Test" time="107.368" errors="0" timestamp="2024-06-17T19:37:57 IST" skipped="0">
  <testcase classname="TestScripts.SortBy_Test" name="Verify_LogIn_Page_Title" time="9.296"/>
  <testcase classname="TestScripts.SortBy_Test" name="Verify_Available_SortBy_Options" time="15.764"/>
  <testcase classname="TestScripts.SortBy_Test" name="Verify_SortBy_Name_Z_to_A" time="20.314"/>
  <testcase classname="TestScripts.SortBy_Test" name="Verify_SortBy_Name_A_to_Z" time="19.969"/>
  <testcase classname="TestScripts.SortBy_Test" name="Verify_SortBy_Price_low_to_high" time="22.161"/>
  <testcase classname="TestScripts.SortBy_Test" name="Verify_SortBy_Price_high_to_low" time="19.864"/>
</testsuite> <!-- TestScripts.SortBy_Test -->
